#
# A fatal error has been detected by the Java Runtime Environment:
#
#  SIGSEGV (0xb) at pc=0x000000010e42317c, pid=7341, tid=20227
#
# JRE version: Java(TM) SE Runtime Environment (8.0_31-b13) (build 1.8.0_31-b13)
# Java VM: Java HotSpot(TM) 64-Bit Server VM (25.31-b07 mixed mode bsd-amd64 compressed oops)
# Problematic frame:
# V  [libjvm.dylib+0x42317c]
#
# Failed to write core dump. Core dumps have been disabled. To enable core dumping, try "ulimit -c unlimited" before starting Java again
#
# If you would like to submit a bug report, please visit:
#   http://bugreport.java.com/bugreport/crash.jsp
#

---------------  T H R E A D  ---------------

Current thread (0x00007ff1b3800000):  JavaThread "JDWP Transport Listener: dt_socket" daemon [_thread_in_vm, id=20227, stack(0x000000012633a000,0x000000012643a000)]

siginfo: si_signo: 11 (SIGSEGV), si_code: 0 (unknown), si_addr: 0x0000000000000000

Registers:
RAX=0x0000000000000001, RBX=0x0000000126439a8b, RCX=0x000000010e7d7c70, RDX=0x0000000126439a8b
RSP=0x00000001264399d0, RBP=0x00000001264399e0, RSI=0x00007ff1b3800000, RDI=0x8000000000000000
R8 =0x00007ff1b0fc2f60, R9 =0x0000000000000000, R10=0x00000000ccc3a11e, R11=0x00000000b0fab987
R12=0x00007ff1b3800000, R13=0x8000000000000000, R14=0x8000000000000000, R15=0x00007ff1b0c0eef0
RIP=0x000000010e42317c, EFLAGS=0x0000000000010286, ERR=0x0000000000000000
  TRAPNO=0x000000000000000d

Top of Stack: (sp=0x00000001264399d0)
0x00000001264399d0:   0000000126439a8b 0000000126439a8b
0x00000001264399e0:   0000000126439a40 000000010e33519e
0x00000001264399f0:   00007ff1b3800000 0000000000000000
0x0000000126439a00:   0000000000000000 0000000000000000
0x0000000126439a10:   00007ff1b3800000 00007ff1b3800000
0x0000000126439a20:   0000000126439a8b 0000000126439a90
0x0000000126439a30:   8000000000000000 0000000000000004
0x0000000126439a40:   0000000126439a60 000000010cf7c7dc
0x0000000126439a50:   0000000000000001 0000000126439b08
0x0000000126439a60:   0000000126439ad0 000000010cf61263
0x0000000126439a70:   0000000126439aa0 00007ff1b0fb87d0
0x0000000126439a80:   0000000500000032 0000000100439b08
0x0000000126439a90:   0000000000000000 0000000000000000
0x0000000126439aa0:   0000000000000000 0000000126439c90
0x0000000126439ab0:   000000010cf83eca 00007ff1b0edacb0
0x0000000126439ac0:   0000000126439b08 000000010cf8f588
0x0000000126439ad0:   0000000126439ae0 000000010cf6135c
0x0000000126439ae0:   0000000126439d00 000000010cf6a8f6
0x0000000126439af0:   0000cb0400000013 00000000000f0200
0x0000000126439b00:   00007ff1b0e1f5c0 0000000126439c1e
0x0000000126439b10:   00007ff100000066 0000000126439b20
0x0000000126439b20:   00007ff1000000c6 0000000126439b58
0x0000000126439b30:   0000000000000000 00007f0000000000
0x0000000126439b40:   0000cb040000001c 00007fff00007e80
0x0000000126439b50:   0000000126439b58 f17f000005000000
0x0000000126439b60:   08000000b804dbb0 30246164626d616c
0x0000000126439b70:   6f634c282f000000 6272656b61622f6d
0x0000000126439b80:   72616d2f68636165 617461632f74656b
0x0000000126439b90:   2f706d742f676f6c 746375646f725058
0x0000000126439ba0:   f00000000056293b b0f17f00000a1000
0x0000000126439bb0:   620300000010a1e3 2928030000007261
0x0000000126439bc0:   0000000000000056 a1e3b0f17f000001 

Instructions: (pc=0x000000010e42317c)
0x000000010e42315c:   40 48 48 85 c0 75 e0 30 c0 0f b6 c0 5d c3 31 c0
0x000000010e42316c:   5d c3 55 48 89 e5 53 48 83 ec 08 48 85 ff 74 24
0x000000010e42317c:   48 8b 1f 48 85 db 74 1c 48 83 fb 37 74 16 48 8b
0x000000010e42318c:   03 48 89 df ff 50 10 84 c0 b8 00 00 00 00 48 0f 

Register to memory mapping:

RAX=0x0000000000000001 is an unknown value
RBX=0x0000000126439a8b is pointing into the stack for thread: 0x00007ff1b3800000
RCX=0x000000010e7d7c70: UseMembar+0 in /Library/Java/JavaVirtualMachines/jdk1.8.0_31.jdk/Contents/Home/jre/lib/server/libjvm.dylib at 0x000000010e000000
RDX=0x0000000126439a8b is pointing into the stack for thread: 0x00007ff1b3800000
RSP=0x00000001264399d0 is pointing into the stack for thread: 0x00007ff1b3800000
RBP=0x00000001264399e0 is pointing into the stack for thread: 0x00007ff1b3800000
RSI=0x00007ff1b3800000 is a thread
RDI=0x8000000000000000 is an unknown value
R8 =0x00007ff1b0fc2f60 is an unknown value
R9 =0x0000000000000000 is an unknown value
R10=0x00000000ccc3a11e is an unknown value
R11=0x00000000b0fab987 is an unknown value
R12=0x00007ff1b3800000 is a thread
R13=0x8000000000000000 is an unknown value
R14=0x8000000000000000 is an unknown value
R15=0x00007ff1b0c0eef0 is an unknown value


Stack: [0x000000012633a000,0x000000012643a000],  sp=0x00000001264399d0,  free space=1022k
Native frames: (J=compiled Java code, j=interpreted, Vv=VM code, C=native code)
V  [libjvm.dylib+0x42317c]
V  [libjvm.dylib+0x33519e]
C  [libjdwp.dylib+0x207dc]  isMethodSynthetic+0x63
C  [libjdwp.dylib+0x5263]  methods1+0x10b
C  [libjdwp.dylib+0x535c]  methodsWithGeneric+0xe
C  [libjdwp.dylib+0xe8f6]  debugLoop_run+0x1ce
C  [libjdwp.dylib+0x1f716]  attachThread+0x4d
V  [libjvm.dylib+0x3761fe]
V  [libjvm.dylib+0x5360cf]
V  [libjvm.dylib+0x53780c]
V  [libjvm.dylib+0x45d772]
C  [libsystem_pthread.dylib+0x1899]  _pthread_body+0x8a
C  [libsystem_pthread.dylib+0x172a]  _pthread_struct_init+0x0
C  [libsystem_pthread.dylib+0x5fc9]  thread_start+0xd
C  0x0000000000000000


---------------  P R O C E S S  ---------------

Java Threads: ( => current thread )
  0x00007ff1b4820000 JavaThread "MongoCleaner1730337646" daemon [_thread_blocked, id=26883, stack(0x00000001288ca000,0x00000001289ca000)]
  0x00007ff1b2308000 JavaThread "cluster-2-127.0.0.1:27018" daemon [_thread_blocked, id=26371, stack(0x00000001277dc000,0x00000001278dc000)]
  0x00007ff1b1a14000 JavaThread "MongoCleaner172794870" daemon [_thread_blocked, id=25859, stack(0x0000000127e08000,0x0000000127f08000)]
  0x00007ff1b325b800 JavaThread "cluster-1-127.0.0.1:27018" daemon [_thread_blocked, id=25347, stack(0x0000000127d05000,0x0000000127e05000)]
  0x00007ff1b31ea000 JavaThread "ReaderThread" [_thread_in_native, id=24835, stack(0x0000000126ea9000,0x0000000126fa9000)]
  0x00007ff1b403c000 JavaThread "Service Thread" daemon [_thread_blocked, id=23811, stack(0x0000000126a4f000,0x0000000126b4f000)]
  0x00007ff1b1833000 JavaThread "C1 CompilerThread3" daemon [_thread_blocked, id=23299, stack(0x000000012694c000,0x0000000126a4c000)]
  0x00007ff1b1832000 JavaThread "C2 CompilerThread2" daemon [_thread_blocked, id=22787, stack(0x0000000126849000,0x0000000126949000)]
  0x00007ff1b1831800 JavaThread "C2 CompilerThread1" daemon [_thread_blocked, id=22275, stack(0x0000000126746000,0x0000000126846000)]
  0x00007ff1b1830800 JavaThread "C2 CompilerThread0" daemon [_thread_blocked, id=21763, stack(0x0000000126643000,0x0000000126743000)]
  0x00007ff1b3801800 JavaThread "JDWP Command Reader" daemon [_thread_in_native, id=21251, stack(0x0000000126540000,0x0000000126640000)]
  0x00007ff1b3801000 JavaThread "JDWP Event Helper Thread" daemon [_thread_blocked, id=20739, stack(0x000000012643d000,0x000000012653d000)]
=>0x00007ff1b3800000 JavaThread "JDWP Transport Listener: dt_socket" daemon [_thread_in_vm, id=20227, stack(0x000000012633a000,0x000000012643a000)]
  0x00007ff1b1806000 JavaThread "Signal Dispatcher" daemon [_thread_blocked, id=19715, stack(0x0000000126230000,0x0000000126330000)]
  0x00007ff1b305f800 JavaThread "Finalizer" daemon [_thread_blocked, id=14595, stack(0x0000000125ff9000,0x00000001260f9000)]
  0x00007ff1b1018000 JavaThread "Reference Handler" daemon [_thread_blocked, id=14083, stack(0x0000000125ef6000,0x0000000125ff6000)]
  0x00007ff1b3000000 JavaThread "main" [_thread_blocked, id=6403, stack(0x000000010ef20000,0x000000010f020000)]

Other Threads:
  0x00007ff1b305f000 VMThread [stack: 0x0000000125df3000,0x0000000125ef3000] [id=13571]
  0x00007ff1b4045000 WatcherThread [stack: 0x0000000126b52000,0x0000000126c52000] [id=24323]

VM state:not at safepoint (normal execution)

VM Mutex/Monitor currently owned by a thread: None

Heap:
 PSYoungGen      total 38400K, used 37579K [0x0000000795580000, 0x0000000798000000, 0x00000007c0000000)
  eden space 33280K, 97% used [0x0000000795580000,0x00000007975361f0,0x0000000797600000)
  from space 5120K, 99% used [0x0000000797b00000,0x0000000797ffcc70,0x0000000798000000)
  to   space 5120K, 0% used [0x0000000797600000,0x0000000797600000,0x0000000797b00000)
 ParOldGen       total 87552K, used 260K [0x0000000740000000, 0x0000000745580000, 0x0000000795580000)
  object space 87552K, 0% used [0x0000000740000000,0x0000000740041160,0x0000000745580000)
 Metaspace       used 17687K, capacity 17862K, committed 18048K, reserved 1064960K
  class space    used 2115K, capacity 2173K, committed 2176K, reserved 1048576K

Card table byte_map: [0x000000011e3e2000,0x000000011e7e3000] byte_map_base: 0x000000011a9e2000

Marking Bits: (ParMarkBitMap*) 0x000000010e89e410
 Begin Bits: [0x000000011f2a6000, 0x00000001212a6000)
 End Bits:   [0x00000001212a6000, 0x00000001232a6000)

Polling page: 0x000000010cf5b000

CodeCache: size=245760Kb used=6278Kb max_used=6278Kb free=239481Kb
 bounds [0x000000010f022000, 0x000000010f652000, 0x000000011e022000]
 total_blobs=2104 nmethods=1742 adapters=284
 compilation: enabled

Compilation events (10 events):
Event: 196.361 Thread 0x00007ff1b1833000 1740   !   3       java.util.Formatter$FormatSpecifier::width (59 bytes)
Event: 196.362 Thread 0x00007ff1b1833000 nmethod 1740 0x000000010f639bd0 code [0x000000010f639d60, 0x000000010f63a098]
Event: 196.362 Thread 0x00007ff1b1833000 1741   !   3       java.util.Formatter$FormatSpecifier::precision (63 bytes)
Event: 196.362 Thread 0x00007ff1b1833000 nmethod 1741 0x000000010f6315d0 code [0x000000010f631780, 0x000000010f631b88]
Event: 196.362 Thread 0x00007ff1b1833000 1742       3       java.util.Formatter$FormatSpecifier::conversion (94 bytes)
Event: 196.363 Thread 0x00007ff1b1833000 nmethod 1742 0x000000010f63fd90 code [0x000000010f640020, 0x000000010f640e28]
Event: 196.363 Thread 0x00007ff1b1833000 1743       3       java.util.Formatter$Conversion::isText (32 bytes)
Event: 196.363 Thread 0x00007ff1b1833000 nmethod 1743 0x000000010f630250 code [0x000000010f6303a0, 0x000000010f6304f0]
Event: 196.494 Thread 0x00007ff1b1833000 1744       3       java.util.Locale::equals (75 bytes)
Event: 196.494 Thread 0x00007ff1b1833000 nmethod 1744 0x000000010f6483d0 code [0x000000010f6485a0, 0x000000010f648df8]

GC Heap History (4 events):
Event: 0.650 GC heap before
{Heap before GC invocations=1 (full 0):
 PSYoungGen      total 38400K, used 33280K [0x0000000795580000, 0x0000000798000000, 0x00000007c0000000)
  eden space 33280K, 100% used [0x0000000795580000,0x0000000797600000,0x0000000797600000)
  from space 5120K, 0% used [0x0000000797b00000,0x0000000797b00000,0x0000000798000000)
  to   space 5120K, 0% used [0x0000000797600000,0x0000000797600000,0x0000000797b00000)
 ParOldGen       total 87552K, used 0K [0x0000000740000000, 0x0000000745580000, 0x0000000795580000)
  object space 87552K, 0% used [0x0000000740000000,0x0000000740000000,0x0000000745580000)
 Metaspace       used 9519K, capacity 9692K, committed 9856K, reserved 1058816K
  class space    used 1119K, capacity 1142K, committed 1152K, reserved 1048576K
Event: 0.655 GC heap after
Heap after GC invocations=1 (full 0):
 PSYoungGen      total 38400K, used 4219K [0x0000000795580000, 0x0000000798000000, 0x00000007c0000000)
  eden space 33280K, 0% used [0x0000000795580000,0x0000000795580000,0x0000000797600000)
  from space 5120K, 82% used [0x0000000797600000,0x0000000797a1ecf0,0x0000000797b00000)
  to   space 5120K, 0% used [0x0000000797b00000,0x0000000797b00000,0x0000000798000000)
 ParOldGen       total 87552K, used 72K [0x0000000740000000, 0x0000000745580000, 0x0000000795580000)
  object space 87552K, 0% used [0x0000000740000000,0x0000000740012010,0x0000000745580000)
 Metaspace       used 9519K, capacity 9692K, committed 9856K, reserved 1058816K
  class space    used 1119K, capacity 1142K, committed 1152K, reserved 1048576K
}
Event: 1.126 GC heap before
{Heap before GC invocations=2 (full 0):
 PSYoungGen      total 38400K, used 37499K [0x0000000795580000, 0x0000000798000000, 0x00000007c0000000)
  eden space 33280K, 100% used [0x0000000795580000,0x0000000797600000,0x0000000797600000)
  from space 5120K, 82% used [0x0000000797600000,0x0000000797a1ecf0,0x0000000797b00000)
  to   space 5120K, 0% used [0x0000000797b00000,0x0000000797b00000,0x0000000798000000)
 ParOldGen       total 87552K, used 72K [0x0000000740000000, 0x0000000745580000, 0x0000000795580000)
  object space 87552K, 0% used [0x0000000740000000,0x0000000740012010,0x0000000745580000)
 Metaspace       used 13505K, capacity 13640K, committed 13696K, reserved 1060864K
  class space    used 1569K, capacity 1624K, committed 1664K, reserved 1048576K
Event: 1.131 GC heap after
Heap after GC invocations=2 (full 0):
 PSYoungGen      total 38400K, used 5107K [0x0000000795580000, 0x0000000798000000, 0x00000007c0000000)
  eden space 33280K, 0% used [0x0000000795580000,0x0000000795580000,0x0000000797600000)
  from space 5120K, 99% used [0x0000000797b00000,0x0000000797ffcc70,0x0000000798000000)
  to   space 5120K, 0% used [0x0000000797600000,0x0000000797600000,0x0000000797b00000)
 ParOldGen       total 87552K, used 260K [0x0000000740000000, 0x0000000745580000, 0x0000000795580000)
  object space 87552K, 0% used [0x0000000740000000,0x0000000740041160,0x0000000745580000)
 Metaspace       used 13505K, capacity 13640K, committed 13696K, reserved 1060864K
  class space    used 1569K, capacity 1624K, committed 1664K, reserved 1048576K
}

Deoptimization events (10 events):
Event: 1.522 Thread 0x00007ff1b3000000 Uncommon trap: reason=range_check action=none pc=0x000000010f2b41ac method=sun.reflect.generics.parser.SignatureParser.current()C @ 34
Event: 1.522 Thread 0x00007ff1b3000000 Uncommon trap: reason=range_check action=none pc=0x000000010f2b41ac method=sun.reflect.generics.parser.SignatureParser.current()C @ 34
Event: 1.522 Thread 0x00007ff1b3000000 Uncommon trap: reason=range_check action=none pc=0x000000010f2b41ac method=sun.reflect.generics.parser.SignatureParser.current()C @ 34
Event: 1.522 Thread 0x00007ff1b3000000 Uncommon trap: reason=range_check action=none pc=0x000000010f2b41ac method=sun.reflect.generics.parser.SignatureParser.current()C @ 34
Event: 1.522 Thread 0x00007ff1b3000000 Uncommon trap: reason=range_check action=none pc=0x000000010f2b41ac method=sun.reflect.generics.parser.SignatureParser.current()C @ 34
Event: 1.522 Thread 0x00007ff1b3000000 Uncommon trap: reason=range_check action=none pc=0x000000010f2b41ac method=sun.reflect.generics.parser.SignatureParser.current()C @ 34
Event: 1.526 Thread 0x00007ff1b3000000 Uncommon trap: reason=range_check action=none pc=0x000000010f2b41ac method=sun.reflect.generics.parser.SignatureParser.current()C @ 34
Event: 1.526 Thread 0x00007ff1b3000000 Uncommon trap: reason=range_check action=none pc=0x000000010f2b41ac method=sun.reflect.generics.parser.SignatureParser.current()C @ 34
Event: 1.526 Thread 0x00007ff1b3000000 Uncommon trap: reason=range_check action=none pc=0x000000010f2b41ac method=sun.reflect.generics.parser.SignatureParser.current()C @ 34
Event: 1.526 Thread 0x00007ff1b3000000 Uncommon trap: reason=range_check action=none pc=0x000000010f2b41ac method=sun.reflect.generics.parser.SignatureParser.current()C @ 34

Internal exceptions (10 events):
Event: 1.537 Thread 0x00007ff1b3000000 Exception <a 'java/security/PrivilegedActionException'> (0x000000079723f340) thrown at [/Users/java_re/workspace/8-2-build-macosx-x86_64/jdk8u31/2394/hotspot/src/share/vm/prims/jvm.cpp, line 1312]
Event: 1.537 Thread 0x00007ff1b3000000 Exception <a 'java/security/PrivilegedActionException'> (0x000000079724a798) thrown at [/Users/java_re/workspace/8-2-build-macosx-x86_64/jdk8u31/2394/hotspot/src/share/vm/prims/jvm.cpp, line 1312]
Event: 1.538 Thread 0x00007ff1b3000000 Exception <a 'java/security/PrivilegedActionException'> (0x00000007972577f0) thrown at [/Users/java_re/workspace/8-2-build-macosx-x86_64/jdk8u31/2394/hotspot/src/share/vm/prims/jvm.cpp, line 1312]
Event: 1.538 Thread 0x00007ff1b3000000 Exception <a 'java/security/PrivilegedActionException'> (0x0000000797260d00) thrown at [/Users/java_re/workspace/8-2-build-macosx-x86_64/jdk8u31/2394/hotspot/src/share/vm/prims/jvm.cpp, line 1312]
Event: 1.539 Thread 0x00007ff1b3000000 Exception <a 'java/security/PrivilegedActionException'> (0x000000079726ccc8) thrown at [/Users/java_re/workspace/8-2-build-macosx-x86_64/jdk8u31/2394/hotspot/src/share/vm/prims/jvm.cpp, line 1312]
Event: 1.539 Thread 0x00007ff1b3000000 Exception <a 'java/security/PrivilegedActionException'> (0x0000000797278798) thrown at [/Users/java_re/workspace/8-2-build-macosx-x86_64/jdk8u31/2394/hotspot/src/share/vm/prims/jvm.cpp, line 1312]
Event: 1.540 Thread 0x00007ff1b3000000 Exception <a 'java/security/PrivilegedActionException'> (0x0000000797284200) thrown at [/Users/java_re/workspace/8-2-build-macosx-x86_64/jdk8u31/2394/hotspot/src/share/vm/prims/jvm.cpp, line 1312]
Event: 1.540 Thread 0x00007ff1b3000000 Exception <a 'java/security/PrivilegedActionException'> (0x000000079728de58) thrown at [/Users/java_re/workspace/8-2-build-macosx-x86_64/jdk8u31/2394/hotspot/src/share/vm/prims/jvm.cpp, line 1312]
Event: 1.540 Thread 0x00007ff1b3000000 Exception <a 'java/security/PrivilegedActionException'> (0x0000000797298490) thrown at [/Users/java_re/workspace/8-2-build-macosx-x86_64/jdk8u31/2394/hotspot/src/share/vm/prims/jvm.cpp, line 1312]
Event: 1.541 Thread 0x00007ff1b3000000 Exception <a 'java/security/PrivilegedActionException'> (0x00000007972a3d58) thrown at [/Users/java_re/workspace/8-2-build-macosx-x86_64/jdk8u31/2394/hotspot/src/share/vm/prims/jvm.cpp, line 1312]

Events (10 events):
Event: 16.693 Executing VM operation: GetOrSetLocal
Event: 16.693 Executing VM operation: GetOrSetLocal done
Event: 21.273 Thread 0x00007ff1b1833000 flushing nmethod 0x000000010f166b10
Event: 21.273 Thread 0x00007ff1b1833000 flushing nmethod 0x000000010f16d350
Event: 36.415 Thread 0x00007ff1b2308000 DEOPT PACKING pc=0x000000010f1e6c1d sp=0x00000001278da0f0
Event: 36.415 Thread 0x00007ff1b2308000 DEOPT UNPACKING pc=0x000000010f069373 sp=0x00000001278da030 mode 0
Event: 136.507 Executing VM operation: GetOrSetLocal
Event: 136.507 Executing VM operation: GetOrSetLocal done
Event: 199.921 Executing VM operation: RedefineClasses
Event: 199.932 Executing VM operation: RedefineClasses done


Dynamic libraries:
0x000000000be7f000 	/System/Library/Frameworks/Cocoa.framework/Versions/A/Cocoa
0x000000000be7f000 	/System/Library/Frameworks/Security.framework/Versions/A/Security
0x000000000be7f000 	/System/Library/Frameworks/ApplicationServices.framework/Versions/A/ApplicationServices
0x000000000be7f000 	/usr/lib/libz.1.dylib
0x000000000be7f000 	/usr/lib/libSystem.B.dylib
0x000000000be7f000 	/usr/lib/libobjc.A.dylib
0x000000000be7f000 	/System/Library/Frameworks/CoreFoundation.framework/Versions/A/CoreFoundation
0x000000000be7f000 	/System/Library/Frameworks/Foundation.framework/Versions/C/Foundation
0x000000000be7f000 	/System/Library/Frameworks/AppKit.framework/Versions/C/AppKit
0x000000000be7f000 	/System/Library/Frameworks/CoreData.framework/Versions/A/CoreData
0x000000000be7f000 	/System/Library/PrivateFrameworks/RemoteViewServices.framework/Versions/A/RemoteViewServices
0x000000000be7f000 	/System/Library/Frameworks/AudioToolbox.framework/Versions/A/AudioToolbox
0x000000000be7f000 	/System/Library/Frameworks/AudioUnit.framework/Versions/A/AudioUnit
0x000000000be7f000 	/System/Library/PrivateFrameworks/DataDetectorsCore.framework/Versions/A/DataDetectorsCore
0x000000000be7f000 	/System/Library/PrivateFrameworks/DesktopServicesPriv.framework/Versions/A/DesktopServicesPriv
0x000000000be7f000 	/System/Library/Frameworks/Carbon.framework/Versions/A/Frameworks/HIToolbox.framework/Versions/A/HIToolbox
0x000000000be7f000 	/System/Library/Frameworks/QuartzCore.framework/Versions/A/QuartzCore
0x000000000be7f000 	/System/Library/Frameworks/Carbon.framework/Versions/A/Frameworks/SpeechRecognition.framework/Versions/A/SpeechRecognition
0x000000000be7f000 	/usr/lib/libauto.dylib
0x000000000be7f000 	/usr/lib/libicucore.A.dylib
0x000000000be7f000 	/usr/lib/libxml2.2.dylib
0x000000000be7f000 	/System/Library/PrivateFrameworks/CoreUI.framework/Versions/A/CoreUI
0x000000000be7f000 	/System/Library/Frameworks/CoreAudio.framework/Versions/A/CoreAudio
0x000000000be7f000 	/System/Library/Frameworks/DiskArbitration.framework/Versions/A/DiskArbitration
0x000000000be7f000 	/usr/lib/liblangid.dylib
0x000000000be7f000 	/System/Library/PrivateFrameworks/MultitouchSupport.framework/Versions/A/MultitouchSupport
0x000000000be7f000 	/System/Library/Frameworks/IOKit.framework/Versions/A/IOKit
0x000000000be7f000 	/usr/lib/libDiagnosticMessagesClient.dylib
0x000000000be7f000 	/System/Library/Frameworks/CoreServices.framework/Versions/A/CoreServices
0x000000000be7f000 	/System/Library/PrivateFrameworks/PerformanceAnalysis.framework/Versions/A/PerformanceAnalysis
0x000000000be7f000 	/System/Library/PrivateFrameworks/GenerationalStorage.framework/Versions/A/GenerationalStorage
0x000000000be7f000 	/System/Library/Frameworks/OpenGL.framework/Versions/A/OpenGL
0x000000000be7f000 	/System/Library/PrivateFrameworks/Sharing.framework/Versions/A/Sharing
0x000000000be7f000 	/System/Library/Frameworks/ImageIO.framework/Versions/A/ImageIO
0x000000000be7f000 	/System/Library/Frameworks/CoreText.framework/Versions/A/CoreText
0x000000000be7f000 	/System/Library/Frameworks/CoreGraphics.framework/Versions/A/CoreGraphics
0x000000000be7f000 	/System/Library/PrivateFrameworks/Backup.framework/Versions/A/Backup
0x000000000be7f000 	/System/Library/Frameworks/CFNetwork.framework/Versions/A/CFNetwork
0x000000000be7f000 	/System/Library/Frameworks/SystemConfiguration.framework/Versions/A/SystemConfiguration
0x000000000be7f000 	/usr/lib/libCRFSuite.dylib
0x000000000be7f000 	/usr/lib/libc++.1.dylib
0x000000000be7f000 	/usr/lib/libc++abi.dylib
0x000000000be7f000 	/usr/lib/system/libcache.dylib
0x000000000be7f000 	/usr/lib/system/libcommonCrypto.dylib
0x000000000be7f000 	/usr/lib/system/libcompiler_rt.dylib
0x000000000be7f000 	/usr/lib/system/libcopyfile.dylib
0x000000000be7f000 	/usr/lib/system/libcorecrypto.dylib
0x000000000be7f000 	/usr/lib/system/libdispatch.dylib
0x000000000be7f000 	/usr/lib/system/libdyld.dylib
0x000000000be7f000 	/usr/lib/system/libkeymgr.dylib
0x000000000be7f000 	/usr/lib/system/liblaunch.dylib
0x000000000be7f000 	/usr/lib/system/libmacho.dylib
0x000000000be7f000 	/usr/lib/system/libquarantine.dylib
0x000000000be7f000 	/usr/lib/system/libremovefile.dylib
0x000000000be7f000 	/usr/lib/system/libsystem_asl.dylib
0x000000000be7f000 	/usr/lib/system/libsystem_blocks.dylib
0x000000000be7f000 	/usr/lib/system/libsystem_c.dylib
0x000000000be7f000 	/usr/lib/system/libsystem_configuration.dylib
0x000000000be7f000 	/usr/lib/system/libsystem_dnssd.dylib
0x000000000be7f000 	/usr/lib/system/libsystem_info.dylib
0x000000000be7f000 	/usr/lib/system/libsystem_kernel.dylib
0x000000000be7f000 	/usr/lib/system/libsystem_m.dylib
0x000000000be7f000 	/usr/lib/system/libsystem_malloc.dylib
0x000000000be7f000 	/usr/lib/system/libsystem_network.dylib
0x000000000be7f000 	/usr/lib/system/libsystem_notify.dylib
0x000000000be7f000 	/usr/lib/system/libsystem_platform.dylib
0x000000000be7f000 	/usr/lib/system/libsystem_pthread.dylib
0x000000000be7f000 	/usr/lib/system/libsystem_sandbox.dylib
0x000000000be7f000 	/usr/lib/system/libsystem_stats.dylib
0x000000000be7f000 	/usr/lib/system/libunc.dylib
0x000000000be7f000 	/usr/lib/system/libunwind.dylib
0x000000000be7f000 	/usr/lib/system/libxpc.dylib
0x000000000be7f000 	/usr/lib/libbsm.0.dylib
0x000000000be7f000 	/usr/lib/libsqlite3.dylib
0x000000000be7f000 	/usr/lib/libxar.1.dylib
0x000000000be7f000 	/usr/lib/libpam.2.dylib
0x000000000be7f000 	/usr/lib/libOpenScriptingUtil.dylib
0x000000000be7f000 	/usr/lib/libbz2.1.0.dylib
0x000000000be7f000 	/System/Library/Frameworks/CoreServices.framework/Versions/A/Frameworks/CarbonCore.framework/Versions/A/CarbonCore
0x000000000be7f000 	/System/Library/Frameworks/CoreServices.framework/Versions/A/Frameworks/Metadata.framework/Versions/A/Metadata
0x000000000be7f000 	/System/Library/Frameworks/CoreServices.framework/Versions/A/Frameworks/OSServices.framework/Versions/A/OSServices
0x000000000be7f000 	/System/Library/Frameworks/CoreServices.framework/Versions/A/Frameworks/SearchKit.framework/Versions/A/SearchKit
0x000000000be7f000 	/System/Library/Frameworks/CoreServices.framework/Versions/A/Frameworks/AE.framework/Versions/A/AE
0x000000000be7f000 	/System/Library/Frameworks/CoreServices.framework/Versions/A/Frameworks/LaunchServices.framework/Versions/A/LaunchServices
0x000000000be7f000 	/System/Library/Frameworks/CoreServices.framework/Versions/A/Frameworks/DictionaryServices.framework/Versions/A/DictionaryServices
0x000000000be7f000 	/System/Library/Frameworks/NetFS.framework/Versions/A/NetFS
0x000000000be7f000 	/usr/lib/system/libkxld.dylib
0x000000000be7f000 	/System/Library/PrivateFrameworks/NetAuth.framework/Versions/A/NetAuth
0x000000000be7f000 	/System/Library/PrivateFrameworks/TCC.framework/Versions/A/TCC
0x000000000be7f000 	/System/Library/Frameworks/OpenDirectory.framework/Versions/A/Frameworks/CFOpenDirectory.framework/Versions/A/CFOpenDirectory
0x000000000be7f000 	/System/Library/Frameworks/ServiceManagement.framework/Versions/A/ServiceManagement
0x000000000be7f000 	/usr/lib/libxslt.1.dylib
0x000000000be7f000 	/System/Library/Frameworks/Carbon.framework/Versions/A/Frameworks/Ink.framework/Versions/A/Ink
0x000000000be7f000 	/System/Library/Frameworks/ApplicationServices.framework/Versions/A/Frameworks/ATS.framework/Versions/A/ATS
0x000000000be7f000 	/System/Library/Frameworks/ApplicationServices.framework/Versions/A/Frameworks/ColorSync.framework/Versions/A/ColorSync
0x000000000be7f000 	/System/Library/Frameworks/ApplicationServices.framework/Versions/A/Frameworks/HIServices.framework/Versions/A/HIServices
0x000000000be7f000 	/System/Library/Frameworks/ApplicationServices.framework/Versions/A/Frameworks/LangAnalysis.framework/Versions/A/LangAnalysis
0x000000000be7f000 	/System/Library/Frameworks/ApplicationServices.framework/Versions/A/Frameworks/PrintCore.framework/Versions/A/PrintCore
0x000000000be7f000 	/System/Library/Frameworks/ApplicationServices.framework/Versions/A/Frameworks/QD.framework/Versions/A/QD
0x000000000be7f000 	/System/Library/Frameworks/ApplicationServices.framework/Versions/A/Frameworks/SpeechSynthesis.framework/Versions/A/SpeechSynthesis
0x000000000be7f000 	/System/Library/Frameworks/IOSurface.framework/Versions/A/IOSurface
0x000000000be7f000 	/System/Library/Frameworks/Accelerate.framework/Versions/A/Accelerate
0x000000000be7f000 	/System/Library/Frameworks/Accelerate.framework/Versions/A/Frameworks/vImage.framework/Versions/A/vImage
0x000000000be7f000 	/System/Library/Frameworks/Accelerate.framework/Versions/A/Frameworks/vecLib.framework/Versions/A/vecLib
0x000000000be7f000 	/System/Library/Frameworks/Accelerate.framework/Versions/A/Frameworks/vecLib.framework/Versions/A/libvDSP.dylib
0x000000000be7f000 	/System/Library/Frameworks/Accelerate.framework/Versions/A/Frameworks/vecLib.framework/Versions/A/libvMisc.dylib
0x000000000be7f000 	/System/Library/Frameworks/Accelerate.framework/Versions/A/Frameworks/vecLib.framework/Versions/A/libLAPACK.dylib
0x000000000be7f000 	/System/Library/Frameworks/Accelerate.framework/Versions/A/Frameworks/vecLib.framework/Versions/A/libBLAS.dylib
0x000000000be7f000 	/System/Library/Frameworks/ApplicationServices.framework/Versions/A/Frameworks/ATS.framework/Versions/A/Resources/libFontParser.dylib
0x000000000be7f000 	/System/Library/Frameworks/ApplicationServices.framework/Versions/A/Frameworks/ATS.framework/Versions/A/Resources/libFontRegistry.dylib
0x000000000be7f000 	/System/Library/Frameworks/ImageIO.framework/Versions/A/Resources/libJPEG.dylib
0x000000000be7f000 	/System/Library/Frameworks/ImageIO.framework/Versions/A/Resources/libTIFF.dylib
0x000000000be7f000 	/System/Library/Frameworks/ImageIO.framework/Versions/A/Resources/libPng.dylib
0x000000000be7f000 	/System/Library/Frameworks/ImageIO.framework/Versions/A/Resources/libGIF.dylib
0x000000000be7f000 	/System/Library/Frameworks/ImageIO.framework/Versions/A/Resources/libJP2.dylib
0x000000000be7f000 	/System/Library/Frameworks/ImageIO.framework/Versions/A/Resources/libRadiance.dylib
0x000000000be7f000 	/usr/lib/libcups.2.dylib
0x000000000be7f000 	/System/Library/Frameworks/Kerberos.framework/Versions/A/Kerberos
0x000000000be7f000 	/System/Library/Frameworks/GSS.framework/Versions/A/GSS
0x000000000be7f000 	/usr/lib/libresolv.9.dylib
0x000000000be7f000 	/usr/lib/libiconv.2.dylib
0x000000000be7f000 	/System/Library/PrivateFrameworks/Heimdal.framework/Versions/A/Heimdal
0x000000000be7f000 	/System/Library/PrivateFrameworks/TrustEvaluationAgent.framework/Versions/A/TrustEvaluationAgent
0x000000000be7f000 	/usr/lib/libheimdal-asn1.dylib
0x000000000be7f000 	/System/Library/Frameworks/OpenDirectory.framework/Versions/A/OpenDirectory
0x000000000be7f000 	/System/Library/PrivateFrameworks/CommonAuth.framework/Versions/A/CommonAuth
0x000000000be7f000 	/System/Library/Frameworks/SecurityFoundation.framework/Versions/A/SecurityFoundation
0x000000000be7f000 	/System/Library/PrivateFrameworks/Bom.framework/Versions/A/Bom
0x000000000be7f000 	/System/Library/Frameworks/CoreVideo.framework/Versions/A/CoreVideo
0x000000000be7f000 	/System/Library/Frameworks/QuartzCore.framework/Versions/A/Frameworks/CoreImage.framework/Versions/A/CoreImage
0x000000000be7f000 	/System/Library/Frameworks/QuartzCore.framework/Versions/A/Frameworks/ScalableUserInterface.framework/Versions/A/ScalableUserInterface
0x000000000be7f000 	/System/Library/Frameworks/OpenGL.framework/Versions/A/Libraries/libGLU.dylib
0x000000000be7f000 	/System/Library/Frameworks/OpenGL.framework/Versions/A/Libraries/libGFXShared.dylib
0x000000000be7f000 	/System/Library/Frameworks/OpenGL.framework/Versions/A/Libraries/libGL.dylib
0x000000000be7f000 	/System/Library/Frameworks/OpenGL.framework/Versions/A/Libraries/libGLImage.dylib
0x000000000be7f000 	/System/Library/Frameworks/OpenGL.framework/Versions/A/Libraries/libCVMSPluginSupport.dylib
0x000000000be7f000 	/System/Library/Frameworks/OpenGL.framework/Versions/A/Libraries/libCoreVMClient.dylib
0x000000000be7f000 	/System/Library/PrivateFrameworks/FaceCore.framework/Versions/A/FaceCore
0x000000000be7f000 	/System/Library/PrivateFrameworks/CrashReporterSupport.framework/Versions/A/CrashReporterSupport
0x000000000be7f000 	/System/Library/Frameworks/OpenCL.framework/Versions/A/OpenCL
0x000000000be7f000 	/System/Library/PrivateFrameworks/AppleFSCompression.framework/Versions/A/AppleFSCompression
0x000000000be7f000 	/System/Library/PrivateFrameworks/Ubiquity.framework/Versions/A/Ubiquity
0x000000000be7f000 	/System/Library/PrivateFrameworks/IconServices.framework/Versions/A/IconServices
0x000000000be7f000 	/System/Library/PrivateFrameworks/ChunkingLibrary.framework/Versions/A/ChunkingLibrary
0x000000000be7f000 	/System/Library/PrivateFrameworks/CoreSymbolication.framework/Versions/A/CoreSymbolication
0x000000000be7f000 	/System/Library/PrivateFrameworks/Symbolication.framework/Versions/A/Symbolication
0x000000000be7f000 	/System/Library/PrivateFrameworks/DebugSymbols.framework/Versions/A/DebugSymbols
0x000000010e000000 	/Library/Java/JavaVirtualMachines/jdk1.8.0_31.jdk/Contents/Home/jre/lib/server/libjvm.dylib
0x000000000be7f000 	/usr/lib/libstdc++.6.dylib
0x000000010cf19000 	/Library/Java/JavaVirtualMachines/jdk1.8.0_31.jdk/Contents/Home/jre/lib/libverify.dylib
0x000000010cf27000 	/Library/Java/JavaVirtualMachines/jdk1.8.0_31.jdk/Contents/Home/jre/lib/libjava.dylib
0x000000010cf5c000 	/Library/Java/JavaVirtualMachines/jdk1.8.0_31.jdk/Contents/Home/jre/lib/libjdwp.dylib
0x000000010cfa7000 	/Library/Java/JavaVirtualMachines/jdk1.8.0_31.jdk/Contents/Home/jre/lib/libnpt.dylib
0x000000010cfb4000 	/Library/Java/JavaVirtualMachines/jdk1.8.0_31.jdk/Contents/Home/jre/lib/libzip.dylib
0x000000010cfe6000 	/System/Library/Frameworks/JavaVM.framework/Frameworks/JavaRuntimeSupport.framework/JavaRuntimeSupport
0x00000001260fb000 	/System/Library/Frameworks/JavaVM.framework/Versions/A/Frameworks/JavaNativeFoundation.framework/Versions/A/JavaNativeFoundation
0x0000000126110000 	/System/Library/Frameworks/JavaVM.framework/Versions/A/JavaVM
0x000000000be7f000 	/System/Library/Frameworks/Carbon.framework/Versions/A/Carbon
0x000000012611d000 	/System/Library/PrivateFrameworks/JavaLaunching.framework/Versions/A/JavaLaunching
0x000000000be7f000 	/System/Library/Frameworks/Carbon.framework/Versions/A/Frameworks/CommonPanels.framework/Versions/A/CommonPanels
0x000000000be7f000 	/System/Library/Frameworks/Carbon.framework/Versions/A/Frameworks/Help.framework/Versions/A/Help
0x000000000be7f000 	/System/Library/Frameworks/Carbon.framework/Versions/A/Frameworks/ImageCapture.framework/Versions/A/ImageCapture
0x000000000be7f000 	/System/Library/Frameworks/Carbon.framework/Versions/A/Frameworks/OpenScripting.framework/Versions/A/OpenScripting
0x000000000be7f000 	/System/Library/Frameworks/Carbon.framework/Versions/A/Frameworks/Print.framework/Versions/A/Print
0x000000000be7f000 	/System/Library/Frameworks/Carbon.framework/Versions/A/Frameworks/SecurityHI.framework/Versions/A/SecurityHI
0x0000000126332000 	/Library/Java/JavaVirtualMachines/jdk1.8.0_31.jdk/Contents/Home/jre/lib/libdt_socket.dylib
0x0000000126e49000 	/Library/Java/JavaVirtualMachines/jdk1.8.0_31.jdk/Contents/Home/jre/lib/libnet.dylib
0x0000000127143000 	/Library/Java/JavaVirtualMachines/jdk1.8.0_31.jdk/Contents/Home/jre/lib/libmanagement.dylib
0x0000000127150000 	/Library/Java/JavaVirtualMachines/jdk1.8.0_31.jdk/Contents/Home/jre/lib/libnio.dylib

VM Arguments:
jvm_args: -agentlib:jdwp=transport=dt_socket,suspend=y,address=localhost:58358 -ea -Dfile.encoding=UTF-8 
java_command: org.eclipse.jdt.internal.junit.runner.RemoteTestRunner -version 3 -port 58357 -testLoaderClass org.eclipse.jdt.internal.junit4.runner.JUnit4TestLoader -loaderpluginname org.eclipse.jdt.junit4.runtime -test com.bakerbeach.market.catalog.service.CatalogServiceImplTest:foo
java_class_path (initial): /Users/achim/tmp/foo/market-catalog/target/test-classes:/Users/achim/tmp/foo/market-catalog/target/classes:/Users/achim/.m2/repository/com/bakerbeach/market/market-catalog-api/2.0.1-SNAPSHOT/market-catalog-api-2.0.1-SNAPSHOT.jar:/Users/achim/.m2/repository/com/bakerbeach/market/market-core-model/1.1.4-SNAPSHOT/market-core-model-1.1.4-SNAPSHOT.jar:/Users/achim/.m2/repository/com/bakerbeach/market/market-commons/1.0.0/market-commons-1.0.0.jar:/Users/achim/.m2/repository/com/bakerbeach/market/market-inventory-api/2.1.1/market-inventory-api-2.1.1.jar:/Users/achim/.m2/repository/com/bakerbeach/market/market-inventory/2.1.2/market-inventory-2.1.2.jar:/Users/achim/.m2/repository/com/bakerbeach/market/market-translation-api/1.0.0/market-translation-api-1.0.0.jar:/Users/achim/.m2/repository/com/bakerbeach/market/market-tax-api/1.0.0/market-tax-api-1.0.0.jar:/Users/achim/.m2/repository/com/bakerbeach/market/market-morphia/1.0.0/market-morphia-1.0.0.jar:/Users/achim/.m2/repository/org/mongodb/morphia/morphia/1.2.1/morphia-1.2.1.jar:/Users/achim/.m2/repository/cglib/cglib-nodep/2.2.2/cglib-nodep-2.2.2.jar:/Users/achim/.m2/repository/com/thoughtworks/proxytoys/proxytoys/1.0/proxytoys-1.0.jar:/Users/achim/.m2/repository/org/apache/solr/solr-solrj/4.0.0/solr-solrj-4.0.0.jar:/Users/achim/.m2/repository/org/apache/zookeeper/zookeeper/3.3.6/zookeeper-3.3.6.jar:/Users/achim/.m2/repository/commons-io/commons-io/2.1/commons-io-2.1.jar:/Users/achim/.m2/repository/org/apache/httpcomponents/httpclient/4.1.3/httpclient-4.1.3.jar:/Users/achim/.m2/repository/org/apache/httpcomponents/httpcore/4.1.4/httpcore-4.1.4.jar:/Users/achim/.m2/repository/org/apache/httpcomponents/httpmime/4.1.3/httpmime-4.1.3.jar:/Users/achim/.m2/repository/org/codehaus/woodstox/wstx-asl/3.2.7/wstx-asl-3.2.7.jar:/Users/achim/.m2/repository/org/slf4j/slf4j-api/1.6.4/slf4j-api-1.6.4.jar:/Users/achim/.m2/repository/org/springframework/spring-context/4.1.4.RELEASE/spring-context-4.1.4.RELEASE.j
Launcher Type: SUN_STANDARD

Environment Variables:
PATH=/usr/bin:/bin:/usr/sbin:/sbin
SHELL=/bin/bash

Signal Handlers:
SIGSEGV: [libjvm.dylib+0x57a0e7], sa_mask[0]=11111111011111110111111111111111, sa_flags=SA_ONSTACK|SA_RESTART|SA_SIGINFO
SIGBUS: [libjvm.dylib+0x57a0e7], sa_mask[0]=11111111011111110111111111111111, sa_flags=SA_RESTART|SA_SIGINFO
SIGFPE: [libjvm.dylib+0x45af24], sa_mask[0]=11111111011111110111111111111111, sa_flags=SA_RESTART|SA_SIGINFO
SIGPIPE: [libjvm.dylib+0x45af24], sa_mask[0]=11111111011111110111111111111111, sa_flags=SA_RESTART|SA_SIGINFO
SIGXFSZ: [libjvm.dylib+0x45af24], sa_mask[0]=11111111011111110111111111111111, sa_flags=SA_RESTART|SA_SIGINFO
SIGILL: [libjvm.dylib+0x45af24], sa_mask[0]=11111111011111110111111111111111, sa_flags=SA_RESTART|SA_SIGINFO
SIGUSR1: SIG_DFL, sa_mask[0]=00000000000000000000000000000000, sa_flags=SA_RESTART
SIGUSR2: [libjvm.dylib+0x45aa42], sa_mask[0]=00100000000000000000000000000000, sa_flags=SA_RESTART|SA_SIGINFO
SIGHUP: [libjvm.dylib+0x459015], sa_mask[0]=11111111011111110111111111111111, sa_flags=SA_RESTART|SA_SIGINFO
SIGINT: [libjvm.dylib+0x459015], sa_mask[0]=11111111011111110111111111111111, sa_flags=SA_RESTART|SA_SIGINFO
SIGTERM: [libjvm.dylib+0x459015], sa_mask[0]=11111111011111110111111111111111, sa_flags=SA_RESTART|SA_SIGINFO
SIGQUIT: [libjvm.dylib+0x459015], sa_mask[0]=11111111011111110111111111111111, sa_flags=SA_RESTART|SA_SIGINFO


---------------  S Y S T E M  ---------------

OS:Bsduname:Darwin 13.4.0 Darwin Kernel Version 13.4.0: Sun Aug 17 19:50:11 PDT 2014; root:xnu-2422.115.4~1/RELEASE_X86_64 x86_64
rlimit: STACK 8192k, CORE 0k, NPROC 709, NOFILE 10240, AS infinity
load average:1.36 1.43 1.40

CPU:total 8 (4 cores per cpu, 2 threads per core) family 6 model 58 stepping 9, cmov, cx8, fxsr, mmx, sse, sse2, sse3, ssse3, sse4.1, sse4.2, popcnt, avx, aes, clmul, erms, ht, tsc, tscinvbit, tscinv

Memory: 4k page, physical 8388608k(1024040k free)

/proc/meminfo:


vm_info: Java HotSpot(TM) 64-Bit Server VM (25.31-b07) for bsd-amd64 JRE (1.8.0_31-b13), built on Dec 17 2014 20:45:36 by "java_re" with gcc 4.2.1 (Based on Apple Inc. build 5658) (LLVM build 2336.11.00)

time: Thu Jan 12 16:18:51 2017
elapsed time: 199 seconds (0d 0h 3m 19s)

